app/build/intermediates/manifest_merge_blame_file/release/processReleaseMainManifest/manifest-merger-blame-release-report.txt
1<?xml version="1.0" encoding="utf-8"?>
2<manifest xmlns:android="http://schemas.android.com/apk/res/android"
3    package="com.minimal.launcher"
4    android:versionCode="3"
5    android:versionName="1.2" >
6
7    <uses-sdk
7-->INJECTED
8        android:minSdkVersion="29"
8-->INJECTED
9        android:targetSdkVersion="35" />
9-->INJECTED
10
11    <!-- Full app list on Android 11+ -->
12    <uses-permission android:name="android.permission.QUERY_ALL_PACKAGES" />
12-->src/main/AndroidManifest.xml:6:5-7:53
12-->src/main/AndroidManifest.xml:6:22-74
13
14    <!-- Weather fetch -->
15    <uses-permission android:name="android.permission.INTERNET" />
15-->src/main/AndroidManifest.xml:10:5-67
15-->src/main/AndroidManifest.xml:10:22-64
16
17    <!-- Pomodoro timer end buzz -->
18    <uses-permission android:name="android.permission.VIBRATE" />
18-->src/main/AndroidManifest.xml:13:5-66
18-->src/main/AndroidManifest.xml:13:22-63
19
20    <!-- Swipe-down expands notification shade -->
21    <uses-permission android:name="android.permission.EXPAND_STATUS_BAR" />
21-->src/main/AndroidManifest.xml:16:5-76
21-->src/main/AndroidManifest.xml:16:22-73
22
23    <!-- Screen time widget (user must grant Usage Access once in Special App Access) -->
24    <uses-permission android:name="android.permission.PACKAGE_USAGE_STATS" />
24-->src/main/AndroidManifest.xml:19:5-20:47
24-->src/main/AndroidManifest.xml:19:22-75
25    <uses-permission android:name="android.permission.ACCESS_COARSE_LOCATION" />
25-->src/main/AndroidManifest.xml:21:5-81
25-->src/main/AndroidManifest.xml:21:22-78
26    <uses-permission android:name="android.permission.ACCESS_NETWORK_STATE" />
26-->src/main/AndroidManifest.xml:22:5-79
26-->src/main/AndroidManifest.xml:22:22-76
27
28    <permission
28-->[androidx.core:core:1.13.1] AndroidManifest.xml:22:5-24:47
29        android:name="com.minimal.launcher.DYNAMIC_RECEIVER_NOT_EXPORTED_PERMISSION"
29-->[androidx.core:core:1.13.1] AndroidManifest.xml:23:9-81
30        android:protectionLevel="signature" />
30-->[androidx.core:core:1.13.1] AndroidManifest.xml:24:9-44
31
32    <uses-permission android:name="com.minimal.launcher.DYNAMIC_RECEIVER_NOT_EXPORTED_PERMISSION" />
32-->[androidx.core:core:1.13.1] AndroidManifest.xml:26:5-97
32-->[androidx.core:core:1.13.1] AndroidManifest.xml:26:22-94
33
34    <application
34-->src/main/AndroidManifest.xml:24:5-74:19
35        android:name="com.minimal.launcher.MinimalLauncherApp"
35-->src/main/AndroidManifest.xml:25:9-43
36        android:allowBackup="false"
36-->src/main/AndroidManifest.xml:26:9-36
37        android:appComponentFactory="androidx.core.app.CoreComponentFactory"
37-->[androidx.core:core:1.13.1] AndroidManifest.xml:28:18-86
38        android:description="@string/app_description"
38-->src/main/AndroidManifest.xml:30:9-54
39        android:extractNativeLibs="false"
39-->INJECTED
40        android:icon="@mipmap/ic_launcher"
40-->src/main/AndroidManifest.xml:27:9-43
41        android:label="@string/app_name"
41-->src/main/AndroidManifest.xml:29:9-41
42        android:networkSecurityConfig="@xml/network_security_config"
42-->src/main/AndroidManifest.xml:32:9-69
43        android:roundIcon="@mipmap/ic_launcher_round"
43-->src/main/AndroidManifest.xml:28:9-54
44        android:supportsRtl="true"
44-->src/main/AndroidManifest.xml:31:9-35
45        android:theme="@style/Theme.MinimalLauncher" >
45-->src/main/AndroidManifest.xml:33:9-53
46
47        <!-- ── Home screen activity ── -->
48        <activity
48-->src/main/AndroidManifest.xml:36:9-52:20
49            android:name="com.minimal.launcher.MainActivity"
49-->src/main/AndroidManifest.xml:37:13-41
50            android:clearTaskOnLaunch="true"
50-->src/main/AndroidManifest.xml:41:13-45
51            android:excludeFromRecents="true"
51-->src/main/AndroidManifest.xml:42:13-46
52            android:exported="true"
52-->src/main/AndroidManifest.xml:38:13-36
53            android:launchMode="singleTask"
53-->src/main/AndroidManifest.xml:39:13-44
54            android:screenOrientation="portrait"
54-->src/main/AndroidManifest.xml:43:13-49
55            android:stateNotNeeded="true"
55-->src/main/AndroidManifest.xml:40:13-42
56            android:windowSoftInputMode="adjustResize" >
56-->src/main/AndroidManifest.xml:44:13-55
57            <intent-filter>
57-->src/main/AndroidManifest.xml:46:13-51:29
58                <action android:name="android.intent.action.MAIN" />
58-->src/main/AndroidManifest.xml:47:17-69
58-->src/main/AndroidManifest.xml:47:25-66
59
60                <category android:name="android.intent.category.HOME" />
60-->src/main/AndroidManifest.xml:48:17-73
60-->src/main/AndroidManifest.xml:48:27-70
61                <category android:name="android.intent.category.DEFAULT" />
61-->src/main/AndroidManifest.xml:49:17-76
61-->src/main/AndroidManifest.xml:49:27-73
62                <category android:name="android.intent.category.LAUNCHER" />
62-->src/main/AndroidManifest.xml:50:17-77
62-->src/main/AndroidManifest.xml:50:27-74
63            </intent-filter>
64        </activity>
65
66        <!-- ── Settings screen ── -->
67        <activity
67-->src/main/AndroidManifest.xml:55:9-59:58
68            android:name="com.minimal.launcher.SettingsActivity"
68-->src/main/AndroidManifest.xml:56:13-45
69            android:exported="false"
69-->src/main/AndroidManifest.xml:57:13-37
70            android:screenOrientation="portrait"
70-->src/main/AndroidManifest.xml:58:13-49
71            android:windowSoftInputMode="adjustResize" />
71-->src/main/AndroidManifest.xml:59:13-55
72
73        <!-- ── App drawer ── -->
74        <activity
74-->src/main/AndroidManifest.xml:62:9-66:58
75            android:name="com.minimal.launcher.AppDrawerActivity"
75-->src/main/AndroidManifest.xml:63:13-46
76            android:exported="false"
76-->src/main/AndroidManifest.xml:64:13-37
77            android:screenOrientation="portrait"
77-->src/main/AndroidManifest.xml:65:13-49
78            android:windowSoftInputMode="adjustResize" />
78-->src/main/AndroidManifest.xml:66:13-55
79
80        <!-- ── First-launch onboarding ── -->
81        <activity
81-->src/main/AndroidManifest.xml:69:9-72:52
82            android:name="com.minimal.launcher.OnboardingActivity"
82-->src/main/AndroidManifest.xml:70:13-47
83            android:exported="false"
83-->src/main/AndroidManifest.xml:71:13-37
84            android:screenOrientation="portrait" />
84-->src/main/AndroidManifest.xml:72:13-49
85
86        <provider
86-->[androidx.emoji2:emoji2:1.3.0] AndroidManifest.xml:24:9-32:20
87            android:name="androidx.startup.InitializationProvider"
87-->[androidx.emoji2:emoji2:1.3.0] AndroidManifest.xml:25:13-67
88            android:authorities="com.minimal.launcher.androidx-startup"
88-->[androidx.emoji2:emoji2:1.3.0] AndroidManifest.xml:26:13-68
89            android:exported="false" >
89-->[androidx.emoji2:emoji2:1.3.0] AndroidManifest.xml:27:13-37
90            <meta-data
90-->[androidx.emoji2:emoji2:1.3.0] AndroidManifest.xml:29:13-31:52
91                android:name="androidx.emoji2.text.EmojiCompatInitializer"
91-->[androidx.emoji2:emoji2:1.3.0] AndroidManifest.xml:30:17-75
92                android:value="androidx.startup" />
92-->[androidx.emoji2:emoji2:1.3.0] AndroidManifest.xml:31:17-49
93            <meta-data
93-->[androidx.lifecycle:lifecycle-process:2.8.3] AndroidManifest.xml:29:13-31:52
94                android:name="androidx.lifecycle.ProcessLifecycleInitializer"
94-->[androidx.lifecycle:lifecycle-process:2.8.3] AndroidManifest.xml:30:17-78
95                android:value="androidx.startup" />
95-->[androidx.lifecycle:lifecycle-process:2.8.3] AndroidManifest.xml:31:17-49
96            <meta-data
96-->[androidx.profileinstaller:profileinstaller:1.3.1] AndroidManifest.xml:29:13-31:52
97                android:name="androidx.profileinstaller.ProfileInstallerInitializer"
97-->[androidx.profileinstaller:profileinstaller:1.3.1] AndroidManifest.xml:30:17-85
98                android:value="androidx.startup" />
98-->[androidx.profileinstaller:profileinstaller:1.3.1] AndroidManifest.xml:31:17-49
99        </provider>
100
101        <receiver
101-->[androidx.profileinstaller:profileinstaller:1.3.1] AndroidManifest.xml:34:9-52:20
102            android:name="androidx.profileinstaller.ProfileInstallReceiver"
102-->[androidx.profileinstaller:profileinstaller:1.3.1] AndroidManifest.xml:35:13-76
103            android:directBootAware="false"
103-->[androidx.profileinstaller:profileinstaller:1.3.1] AndroidManifest.xml:36:13-44
104            android:enabled="true"
104-->[androidx.profileinstaller:profileinstaller:1.3.1] AndroidManifest.xml:37:13-35
105            android:exported="true"
105-->[androidx.profileinstaller:profileinstaller:1.3.1] AndroidManifest.xml:38:13-36
106            android:permission="android.permission.DUMP" >
106-->[androidx.profileinstaller:profileinstaller:1.3.1] AndroidManifest.xml:39:13-57
107            <intent-filter>
107-->[androidx.profileinstaller:profileinstaller:1.3.1] AndroidManifest.xml:40:13-42:29
108                <action android:name="androidx.profileinstaller.action.INSTALL_PROFILE" />
108-->[androidx.profileinstaller:profileinstaller:1.3.1] AndroidManifest.xml:41:17-91
108-->[androidx.profileinstaller:profileinstaller:1.3.1] AndroidManifest.xml:41:25-88
109            </intent-filter>
110            <intent-filter>
110-->[androidx.profileinstaller:profileinstaller:1.3.1] AndroidManifest.xml:43:13-45:29
111                <action android:name="androidx.profileinstaller.action.SKIP_FILE" />
111-->[androidx.profileinstaller:profileinstaller:1.3.1] AndroidManifest.xml:44:17-85
111-->[androidx.profileinstaller:profileinstaller:1.3.1] AndroidManifest.xml:44:25-82
112            </intent-filter>
113            <intent-filter>
113-->[androidx.profileinstaller:profileinstaller:1.3.1] AndroidManifest.xml:46:13-48:29
114                <action android:name="androidx.profileinstaller.action.SAVE_PROFILE" />
114-->[androidx.profileinstaller:profileinstaller:1.3.1] AndroidManifest.xml:47:17-88
114-->[androidx.profileinstaller:profileinstaller:1.3.1] AndroidManifest.xml:47:25-85
115            </intent-filter>
116            <intent-filter>
116-->[androidx.profileinstaller:profileinstaller:1.3.1] AndroidManifest.xml:49:13-51:29
117                <action android:name="androidx.profileinstaller.action.BENCHMARK_OPERATION" />
117-->[androidx.profileinstaller:profileinstaller:1.3.1] AndroidManifest.xml:50:17-95
117-->[androidx.profileinstaller:profileinstaller:1.3.1] AndroidManifest.xml:50:25-92
118            </intent-filter>
119        </receiver>
120    </application>
121
122</manifest>